# JRE version: OpenJDK Runtime Environment (11.0.8) (build 11.0.8-internal+0-adhoc..src)
# Java VM: OpenJDK 64-Bit Server VM (11.0.8-internal+0-adhoc..src, mixed mode, tiered, compressed oops, g1 gc, linux-amd64)
Heap:
 garbage-first heap   total 27648K, used 6590K [0x0000000084e00000, 0x0000000100000000)
  region size 1024K, 1 young (1024K), 0 survivors (0K)
 Metaspace       used 21369K, capacity 21736K, committed 22272K, reserved 1069056K
  class space    used 1795K, capacity 1959K, committed 2048K, reserved 1048576K
GC Heap History (20 events):
Event: 1,480 GC heap before
{Heap before GC invocations=9 (full 1):
 garbage-first heap   total 10240K, used 5004K [0x0000000084e00000, 0x0000000100000000)
  region size 1024K, 2 young (2048K), 1 survivors (1024K)
 Metaspace       used 15341K, capacity 15688K, committed 15872K, reserved 1062912K
  class space    used 1387K, capacity 1527K, committed 1536K, reserved 1048576K
}
Event: 1,481 GC heap after
{Heap after GC invocations=10 (full 1):
 garbage-first heap   total 10240K, used 4173K [0x0000000084e00000, 0x0000000100000000)
  region size 1024K, 1 young (1024K), 1 survivors (1024K)
 Metaspace       used 15341K, capacity 15688K, committed 15872K, reserved 1062912K
  class space    used 1387K, capacity 1527K, committed 1536K, reserved 1048576K
}
Event: 1,510 GC heap before
{Heap before GC invocations=10 (full 1):
 garbage-first heap   total 10240K, used 5197K [0x0000000084e00000, 0x0000000100000000)
  region size 1024K, 2 young (2048K), 1 survivors (1024K)
 Metaspace       used 15654K, capacity 16032K, committed 16256K, reserved 1064960K
  class space    used 1423K, capacity 1577K, committed 1664K, reserved 1048576K
}
Event: 1,511 GC heap after
{Heap after GC invocations=11 (full 1):
 garbage-first heap   total 10240K, used 4276K [0x0000000084e00000, 0x0000000100000000)
  region size 1024K, 1 young (1024K), 1 survivors (1024K)
 Metaspace       used 15654K, capacity 16032K, committed 16256K, reserved 1064960K
  class space    used 1423K, capacity 1577K, committed 1664K, reserved 1048576K
}
Event: 1,530 GC heap before
{Heap before GC invocations=11 (full 1):
 garbage-first heap   total 10240K, used 5300K [0x0000000084e00000, 0x0000000100000000)
  region size 1024K, 2 young (2048K), 1 survivors (1024K)
 Metaspace       used 16088K, capacity 16384K, committed 16768K, reserved 1064960K
  class space    used 1465K, capacity 1609K, committed 1664K, reserved 1048576K
}
Event: 1,531 GC heap after
{Heap after GC invocations=12 (full 1):
 garbage-first heap   total 10240K, used 4307K [0x0000000084e00000, 0x0000000100000000)
  region size 1024K, 1 young (1024K), 1 survivors (1024K)
 Metaspace       used 16088K, capacity 16384K, committed 16768K, reserved 1064960K
  class space    used 1465K, capacity 1609K, committed 1664K, reserved 1048576K
}
Event: 1,560 GC heap before
{Heap before GC invocations=12 (full 1):
 garbage-first heap   total 10240K, used 4307K [0x0000000084e00000, 0x0000000100000000)
  region size 1024K, 2 young (2048K), 1 survivors (1024K)
 Metaspace       used 16493K, capacity 16832K, committed 17152K, reserved 1064960K
  class space    used 1510K, capacity 1673K, committed 1792K, reserved 1048576K
}
Event: 1,561 GC heap after
{Heap after GC invocations=13 (full 1):
 garbage-first heap   total 10240K, used 4412K [0x0000000084e00000, 0x0000000100000000)
  region size 1024K, 1 young (1024K), 1 survivors (1024K)
 Metaspace       used 16493K, capacity 16832K, committed 17152K, reserved 1064960K
  class space    used 1510K, capacity 1673K, committed 1792K, reserved 1048576K
}
Event: 1,571 GC heap before
{Heap before GC invocations=14 (full 1):
 garbage-first heap   total 10240K, used 4412K [0x0000000084e00000, 0x0000000100000000)
  region size 1024K, 2 young (2048K), 1 survivors (1024K)
 Metaspace       used 16664K, capacity 17056K, committed 17408K, reserved 1064960K
  class space    used 1520K, capacity 1705K, committed 1792K, reserved 1048576K
}
Event: 1,572 GC heap after
{Heap after GC invocations=15 (full 1):
 garbage-first heap   total 10240K, used 4640K [0x0000000084e00000, 0x0000000100000000)
  region size 1024K, 1 young (1024K), 1 survivors (1024K)
 Metaspace       used 16664K, capacity 17056K, committed 17408K, reserved 1064960K
  class space    used 1520K, capacity 1705K, committed 1792K, reserved 1048576K
}
Event: 1,573 GC heap before
{Heap before GC invocations=15 (full 1):
 garbage-first heap   total 10240K, used 4640K [0x0000000084e00000, 0x0000000100000000)
  region size 1024K, 2 young (2048K), 1 survivors (1024K)
 Metaspace       used 16664K, capacity 17056K, committed 17408K, reserved 1064960K
  class space    used 1520K, capacity 1705K, committed 1792K, reserved 1048576K
}
Event: 1,574 GC heap after
{Heap after GC invocations=16 (full 1):
 garbage-first heap   total 10240K, used 4902K [0x0000000084e00000, 0x0000000100000000)
  region size 1024K, 1 young (1024K), 1 survivors (1024K)
 Metaspace       used 16664K, capacity 17056K, committed 17408K, reserved 1064960K
  class space    used 1520K, capacity 1705K, committed 1792K, reserved 1048576K
}
Event: 1,633 GC heap before
{Heap before GC invocations=17 (full 1):
 garbage-first heap   total 10240K, used 5926K [0x0000000084e00000, 0x0000000100000000)
  region size 1024K, 2 young (2048K), 1 survivors (1024K)
 Metaspace       used 18857K, capacity 19239K, committed 19712K, reserved 1067008K
  class space    used 1592K, capacity 1767K, committed 1792K, reserved 1048576K
}
Event: 1,634 GC heap after
{Heap after GC invocations=18 (full 1):
 garbage-first heap   total 10240K, used 4428K [0x0000000084e00000, 0x0000000100000000)
  region size 1024K, 1 young (1024K), 1 survivors (1024K)
 Metaspace       used 18857K, capacity 19239K, committed 19712K, reserved 1067008K
  class space    used 1592K, capacity 1767K, committed 1792K, reserved 1048576K
}
Event: 1,647 GC heap before
{Heap before GC invocations=18 (full 1):
 garbage-first heap   total 10240K, used 4428K [0x0000000084e00000, 0x0000000100000000)
  region size 1024K, 2 young (2048K), 1 survivors (1024K)
 Metaspace       used 19577K, capacity 19911K, committed 20352K, reserved 1067008K
  class space    used 1625K, capacity 1799K, committed 1920K, reserved 1048576K
}
Event: 1,647 GC heap after
{Heap after GC invocations=19 (full 1):
 garbage-first heap   total 10240K, used 4420K [0x0000000084e00000, 0x0000000100000000)
  region size 1024K, 1 young (1024K), 1 survivors (1024K)
 Metaspace       used 19577K, capacity 19911K, committed 20352K, reserved 1067008K
  class space    used 1625K, capacity 1799K, committed 1920K, reserved 1048576K
}
Event: 1,669 GC heap before
{Heap before GC invocations=20 (full 1):
 garbage-first heap   total 10240K, used 5444K [0x0000000084e00000, 0x0000000100000000)
  region size 1024K, 2 young (2048K), 1 survivors (1024K)
 Metaspace       used 19925K, capacity 20327K, committed 20864K, reserved 1069056K
  class space    used 1664K, capacity 1831K, committed 1920K, reserved 1048576K
}
Event: 1,671 GC heap after
{Heap after GC invocations=21 (full 1):
 garbage-first heap   total 68608K, used 4447K [0x0000000084e00000, 0x0000000100000000)
  region size 1024K, 1 young (1024K), 1 survivors (1024K)
 Metaspace       used 19925K, capacity 20327K, committed 20864K, reserved 1069056K
  class space    used 1664K, capacity 1831K, committed 1920K, reserved 1048576K
}
Event: 2,758 GC heap before
{Heap before GC invocations=21 (full 1):
 garbage-first heap   total 68608K, used 11615K [0x0000000084e00000, 0x0000000100000000)
  region size 1024K, 9 young (9216K), 1 survivors (1024K)
 Metaspace       used 21214K, capacity 21607K, committed 22272K, reserved 1069056K
  class space    used 1787K, capacity 1959K, committed 2048K, reserved 1048576K
}
Event: 2,768 GC heap after
{Heap after GC invocations=22 (full 2):
 garbage-first heap   total 27648K, used 6590K [0x0000000084e00000, 0x0000000100000000)
  region size 1024K, 0 young (0K), 0 survivors (0K)
 Metaspace       used 21214K, capacity 21607K, committed 22272K, reserved 1069056K
  class space    used 1787K, capacity 1959K, committed 2048K, reserved 1048576K
}

