# JRE version: OpenJDK Runtime Environment (11.0.8) (build 11.0.8-internal+0-adhoc..src)
# Java VM: OpenJDK 64-Bit Server VM (11.0.8-internal+0-adhoc..src, mixed mode, tiered, compressed oops, g1 gc, linux-amd64)
Heap:
 garbage-first heap   total 30720K, used 6588K [0x0000000084e00000, 0x0000000100000000)
  region size 1024K, 1 young (1024K), 0 survivors (0K)
 Metaspace       used 21372K, capacity 21736K, committed 22272K, reserved 1069056K
  class space    used 1795K, capacity 1959K, committed 2048K, reserved 1048576K
GC Heap History (20 events):
Event: 1,425 GC heap before
{Heap before GC invocations=6 (full 1):
 garbage-first heap   total 10240K, used 4829K [0x0000000084e00000, 0x0000000100000000)
  region size 1024K, 2 young (2048K), 1 survivors (1024K)
 Metaspace       used 13536K, capacity 13883K, committed 14208K, reserved 1062912K
  class space    used 1184K, capacity 1305K, committed 1408K, reserved 1048576K
}
Event: 1,427 GC heap after
{Heap after GC invocations=7 (full 1):
 garbage-first heap   total 10240K, used 3874K [0x0000000084e00000, 0x0000000100000000)
  region size 1024K, 1 young (1024K), 1 survivors (1024K)
 Metaspace       used 13536K, capacity 13883K, committed 14208K, reserved 1062912K
  class space    used 1184K, capacity 1305K, committed 1408K, reserved 1048576K
}
Event: 1,437 GC heap before
{Heap before GC invocations=8 (full 1):
 garbage-first heap   total 10240K, used 3874K [0x0000000084e00000, 0x0000000100000000)
  region size 1024K, 2 young (2048K), 1 survivors (1024K)
 Metaspace       used 13787K, capacity 14107K, committed 14464K, reserved 1062912K
  class space    used 1214K, capacity 1337K, committed 1408K, reserved 1048576K
}
Event: 1,447 GC heap after
{Heap after GC invocations=9 (full 2):
 garbage-first heap   total 10240K, used 3769K [0x0000000084e00000, 0x0000000100000000)
  region size 1024K, 0 young (0K), 0 survivors (0K)
 Metaspace       used 13787K, capacity 14107K, committed 14464K, reserved 1062912K
  class space    used 1214K, capacity 1337K, committed 1408K, reserved 1048576K
}
Event: 1,509 GC heap before
{Heap before GC invocations=9 (full 2):
 garbage-first heap   total 10240K, used 5817K [0x0000000084e00000, 0x0000000100000000)
  region size 1024K, 2 young (2048K), 0 survivors (0K)
 Metaspace       used 15361K, capacity 15709K, committed 15872K, reserved 1062912K
  class space    used 1390K, capacity 1534K, committed 1536K, reserved 1048576K
}
Event: 1,510 GC heap after
{Heap after GC invocations=10 (full 2):
 garbage-first heap   total 10240K, used 4130K [0x0000000084e00000, 0x0000000100000000)
  region size 1024K, 1 young (1024K), 1 survivors (1024K)
 Metaspace       used 15361K, capacity 15709K, committed 15872K, reserved 1062912K
  class space    used 1390K, capacity 1534K, committed 1536K, reserved 1048576K
}
Event: 1,562 GC heap before
{Heap before GC invocations=10 (full 2):
 garbage-first heap   total 10240K, used 5154K [0x0000000084e00000, 0x0000000100000000)
  region size 1024K, 3 young (3072K), 1 survivors (1024K)
 Metaspace       used 16200K, capacity 16608K, committed 16768K, reserved 1064960K
  class space    used 1480K, capacity 1641K, committed 1664K, reserved 1048576K
}
Event: 1,563 GC heap after
{Heap after GC invocations=11 (full 2):
 garbage-first heap   total 10240K, used 4214K [0x0000000084e00000, 0x0000000100000000)
  region size 1024K, 1 young (1024K), 1 survivors (1024K)
 Metaspace       used 16200K, capacity 16608K, committed 16768K, reserved 1064960K
  class space    used 1480K, capacity 1641K, committed 1664K, reserved 1048576K
}
Event: 1,593 GC heap before
{Heap before GC invocations=11 (full 2):
 garbage-first heap   total 10240K, used 5238K [0x0000000084e00000, 0x0000000100000000)
  region size 1024K, 3 young (3072K), 1 survivors (1024K)
 Metaspace       used 16672K, capacity 17056K, committed 17408K, reserved 1064960K
  class space    used 1520K, capacity 1705K, committed 1792K, reserved 1048576K
}
Event: 1,593 GC heap after
{Heap after GC invocations=12 (full 2):
 garbage-first heap   total 10240K, used 4519K [0x0000000084e00000, 0x0000000100000000)
  region size 1024K, 1 young (1024K), 1 survivors (1024K)
 Metaspace       used 16672K, capacity 17056K, committed 17408K, reserved 1064960K
  class space    used 1520K, capacity 1705K, committed 1792K, reserved 1048576K
}
Event: 1,594 GC heap before
{Heap before GC invocations=12 (full 2):
 garbage-first heap   total 10240K, used 4519K [0x0000000084e00000, 0x0000000100000000)
  region size 1024K, 2 young (2048K), 1 survivors (1024K)
 Metaspace       used 16672K, capacity 17056K, committed 17408K, reserved 1064960K
  class space    used 1520K, capacity 1705K, committed 1792K, reserved 1048576K
}
Event: 1,595 GC heap after
{Heap after GC invocations=13 (full 2):
 garbage-first heap   total 10240K, used 4792K [0x0000000084e00000, 0x0000000100000000)
  region size 1024K, 1 young (1024K), 1 survivors (1024K)
 Metaspace       used 16672K, capacity 17056K, committed 17408K, reserved 1064960K
  class space    used 1520K, capacity 1705K, committed 1792K, reserved 1048576K
}
Event: 1,653 GC heap before
{Heap before GC invocations=14 (full 2):
 garbage-first heap   total 10240K, used 5816K [0x0000000084e00000, 0x0000000100000000)
  region size 1024K, 2 young (2048K), 1 survivors (1024K)
 Metaspace       used 18860K, capacity 19239K, committed 19712K, reserved 1067008K
  class space    used 1592K, capacity 1767K, committed 1792K, reserved 1048576K
}
Event: 1,654 GC heap after
{Heap after GC invocations=15 (full 2):
 garbage-first heap   total 10240K, used 4325K [0x0000000084e00000, 0x0000000100000000)
  region size 1024K, 1 young (1024K), 1 survivors (1024K)
 Metaspace       used 18860K, capacity 19239K, committed 19712K, reserved 1067008K
  class space    used 1592K, capacity 1767K, committed 1792K, reserved 1048576K
}
Event: 1,667 GC heap before
{Heap before GC invocations=15 (full 2):
 garbage-first heap   total 10240K, used 4325K [0x0000000084e00000, 0x0000000100000000)
  region size 1024K, 2 young (2048K), 1 survivors (1024K)
 Metaspace       used 19581K, capacity 19911K, committed 20352K, reserved 1067008K
  class space    used 1625K, capacity 1799K, committed 1920K, reserved 1048576K
}
Event: 1,667 GC heap after
{Heap after GC invocations=16 (full 2):
 garbage-first heap   total 10240K, used 4317K [0x0000000084e00000, 0x0000000100000000)
  region size 1024K, 1 young (1024K), 1 survivors (1024K)
 Metaspace       used 19581K, capacity 19911K, committed 20352K, reserved 1067008K
  class space    used 1625K, capacity 1799K, committed 1920K, reserved 1048576K
}
Event: 1,688 GC heap before
{Heap before GC invocations=17 (full 2):
 garbage-first heap   total 10240K, used 5341K [0x0000000084e00000, 0x0000000100000000)
  region size 1024K, 2 young (2048K), 1 survivors (1024K)
 Metaspace       used 19933K, capacity 20327K, committed 20864K, reserved 1069056K
  class space    used 1664K, capacity 1831K, committed 1920K, reserved 1048576K
}
Event: 1,689 GC heap after
{Heap after GC invocations=18 (full 2):
 garbage-first heap   total 68608K, used 4339K [0x0000000084e00000, 0x0000000100000000)
  region size 1024K, 1 young (1024K), 1 survivors (1024K)
 Metaspace       used 19933K, capacity 20327K, committed 20864K, reserved 1069056K
  class space    used 1664K, capacity 1831K, committed 1920K, reserved 1048576K
}
Event: 2,631 GC heap before
{Heap before GC invocations=18 (full 2):
 garbage-first heap   total 68608K, used 11507K [0x0000000084e00000, 0x0000000100000000)
  region size 1024K, 10 young (10240K), 1 survivors (1024K)
 Metaspace       used 21209K, capacity 21607K, committed 22016K, reserved 1069056K
  class space    used 1785K, capacity 1959K, committed 2048K, reserved 1048576K
}
Event: 2,638 GC heap after
{Heap after GC invocations=19 (full 3):
 garbage-first heap   total 30720K, used 6588K [0x0000000084e00000, 0x0000000100000000)
  region size 1024K, 0 young (0K), 0 survivors (0K)
 Metaspace       used 21209K, capacity 21607K, committed 22016K, reserved 1069056K
  class space    used 1785K, capacity 1959K, committed 2048K, reserved 1048576K
}

