# JRE version: OpenJDK Runtime Environment (11.0.8) (build 11.0.8-internal+0-adhoc..src)
# Java VM: OpenJDK 64-Bit Server VM (11.0.8-internal+0-adhoc..src, mixed mode, tiered, compressed oops, g1 gc, linux-amd64)
Heap:
 garbage-first heap   total 17408K, used 10675K [0x0000000084e00000, 0x0000000100000000)
  region size 1024K, 4 young (4096K), 0 survivors (0K)
 Metaspace       used 21942K, capacity 22346K, committed 22960K, reserved 1071104K
  class space    used 1842K, capacity 2011K, committed 2048K, reserved 1048576K
GC Heap History (20 events):
Event: 0,297 GC heap before
{Heap before GC invocations=1 (full 1):
 garbage-first heap   total 10240K, used 4826K [0x0000000084e00000, 0x0000000100000000)
  region size 1024K, 3 young (3072K), 0 survivors (0K)
 Metaspace       used 7814K, capacity 8006K, committed 8192K, reserved 1056768K
  class space    used 673K, capacity 744K, committed 768K, reserved 1048576K
}
Event: 0,298 GC heap after
{Heap after GC invocations=2 (full 1):
 garbage-first heap   total 10240K, used 2320K [0x0000000084e00000, 0x0000000100000000)
  region size 1024K, 1 young (1024K), 1 survivors (1024K)
 Metaspace       used 7814K, capacity 8006K, committed 8192K, reserved 1056768K
  class space    used 673K, capacity 744K, committed 768K, reserved 1048576K
}
Event: 0,308 GC heap before
{Heap before GC invocations=2 (full 1):
 garbage-first heap   total 10240K, used 3344K [0x0000000084e00000, 0x0000000100000000)
  region size 1024K, 3 young (3072K), 1 survivors (1024K)
 Metaspace       used 8448K, capacity 8646K, committed 8704K, reserved 1056768K
  class space    used 696K, capacity 744K, committed 768K, reserved 1048576K
}
Event: 0,309 GC heap after
{Heap after GC invocations=3 (full 1):
 garbage-first heap   total 10240K, used 2546K [0x0000000084e00000, 0x0000000100000000)
  region size 1024K, 1 young (1024K), 1 survivors (1024K)
 Metaspace       used 8448K, capacity 8646K, committed 8704K, reserved 1056768K
  class space    used 696K, capacity 744K, committed 768K, reserved 1048576K
}
Event: 0,363 GC heap before
{Heap before GC invocations=3 (full 1):
 garbage-first heap   total 10240K, used 4594K [0x0000000084e00000, 0x0000000100000000)
  region size 1024K, 3 young (3072K), 1 survivors (1024K)
 Metaspace       used 8509K, capacity 8646K, committed 8704K, reserved 1056768K
  class space    used 699K, capacity 744K, committed 768K, reserved 1048576K
}
Event: 0,363 GC heap after
{Heap after GC invocations=4 (full 1):
 garbage-first heap   total 10240K, used 2926K [0x0000000084e00000, 0x0000000100000000)
  region size 1024K, 1 young (1024K), 1 survivors (1024K)
 Metaspace       used 8509K, capacity 8646K, committed 8704K, reserved 1056768K
  class space    used 699K, capacity 744K, committed 768K, reserved 1048576K
}
Event: 0,697 GC heap before
{Heap before GC invocations=4 (full 1):
 garbage-first heap   total 10240K, used 4974K [0x0000000084e00000, 0x0000000100000000)
  region size 1024K, 3 young (3072K), 1 survivors (1024K)
 Metaspace       used 9600K, capacity 9762K, committed 10112K, reserved 1058816K
  class space    used 796K, capacity 881K, committed 896K, reserved 1048576K
}
Event: 0,698 GC heap after
{Heap after GC invocations=5 (full 1):
 garbage-first heap   total 10240K, used 3026K [0x0000000084e00000, 0x0000000100000000)
  region size 1024K, 1 young (1024K), 1 survivors (1024K)
 Metaspace       used 9600K, capacity 9762K, committed 10112K, reserved 1058816K
  class space    used 796K, capacity 881K, committed 896K, reserved 1048576K
}
Event: 0,750 GC heap before
{Heap before GC invocations=5 (full 1):
 garbage-first heap   total 10240K, used 5074K [0x0000000084e00000, 0x0000000100000000)
  region size 1024K, 3 young (3072K), 1 survivors (1024K)
 Metaspace       used 11472K, capacity 11757K, committed 11904K, reserved 1060864K
  class space    used 998K, capacity 1124K, committed 1152K, reserved 1048576K
}
Event: 0,751 GC heap after
{Heap after GC invocations=6 (full 1):
 garbage-first heap   total 10240K, used 3332K [0x0000000084e00000, 0x0000000100000000)
  region size 1024K, 1 young (1024K), 1 survivors (1024K)
 Metaspace       used 11472K, capacity 11757K, committed 11904K, reserved 1060864K
  class space    used 998K, capacity 1124K, committed 1152K, reserved 1048576K
}
Event: 0,800 GC heap before
{Heap before GC invocations=6 (full 1):
 garbage-first heap   total 10240K, used 5380K [0x0000000084e00000, 0x0000000100000000)
  region size 1024K, 3 young (3072K), 1 survivors (1024K)
 Metaspace       used 12603K, capacity 12903K, committed 13056K, reserved 1060864K
  class space    used 1093K, capacity 1234K, committed 1280K, reserved 1048576K
}
Event: 0,801 GC heap after
{Heap after GC invocations=7 (full 1):
 garbage-first heap   total 68608K, used 3646K [0x0000000084e00000, 0x0000000100000000)
  region size 1024K, 1 young (1024K), 1 survivors (1024K)
 Metaspace       used 12603K, capacity 12903K, committed 13056K, reserved 1060864K
  class space    used 1093K, capacity 1234K, committed 1280K, reserved 1048576K
}
Event: 1,143 GC heap before
{Heap before GC invocations=7 (full 1):
 garbage-first heap   total 68608K, used 16958K [0x0000000084e00000, 0x0000000100000000)
  region size 1024K, 15 young (15360K), 1 survivors (1024K)
 Metaspace       used 20523K, capacity 20903K, committed 21296K, reserved 1069056K
  class space    used 1710K, capacity 1895K, committed 1920K, reserved 1048576K
}
Event: 1,150 GC heap after
{Heap after GC invocations=8 (full 1):
 garbage-first heap   total 68608K, used 4603K [0x0000000084e00000, 0x0000000100000000)
  region size 1024K, 2 young (2048K), 2 survivors (2048K)
 Metaspace       used 20523K, capacity 20903K, committed 21296K, reserved 1069056K
  class space    used 1710K, capacity 1895K, committed 1920K, reserved 1048576K
}
Event: 1,183 GC heap before
{Heap before GC invocations=9 (full 1):
 garbage-first heap   total 68608K, used 4603K [0x0000000084e00000, 0x0000000100000000)
  region size 1024K, 3 young (3072K), 2 survivors (2048K)
 Metaspace       used 20559K, capacity 20967K, committed 21552K, reserved 1069056K
  class space    used 1713K, capacity 1895K, committed 1920K, reserved 1048576K
}
Event: 1,190 GC heap after
{Heap after GC invocations=10 (full 2):
 garbage-first heap   total 20480K, used 4729K [0x0000000084e00000, 0x0000000100000000)
  region size 1024K, 0 young (0K), 0 survivors (0K)
 Metaspace       used 20559K, capacity 20967K, committed 21552K, reserved 1069056K
  class space    used 1713K, capacity 1895K, committed 1920K, reserved 1048576K
}
Event: 1,214 GC heap before
{Heap before GC invocations=10 (full 2):
 garbage-first heap   total 20480K, used 4729K [0x0000000084e00000, 0x0000000100000000)
  region size 1024K, 1 young (1024K), 0 survivors (0K)
 Metaspace       used 20567K, capacity 20967K, committed 21552K, reserved 1069056K
  class space    used 1715K, capacity 1895K, committed 1920K, reserved 1048576K
}
Event: 1,221 GC heap after
{Heap after GC invocations=11 (full 3):
 garbage-first heap   total 17408K, used 4873K [0x0000000084e00000, 0x0000000100000000)
  region size 1024K, 0 young (0K), 0 survivors (0K)
 Metaspace       used 20567K, capacity 20967K, committed 21552K, reserved 1069056K
  class space    used 1715K, capacity 1895K, committed 1920K, reserved 1048576K
}
Event: 1,761 GC heap before
{Heap before GC invocations=11 (full 3):
 garbage-first heap   total 17408K, used 9993K [0x0000000084e00000, 0x0000000100000000)
  region size 1024K, 6 young (6144K), 0 survivors (0K)
 Metaspace       used 21200K, capacity 21543K, committed 22192K, reserved 1069056K
  class space    used 1784K, capacity 1959K, committed 2048K, reserved 1048576K
}
Event: 1,777 GC heap after
{Heap after GC invocations=12 (full 4):
 garbage-first heap   total 17408K, used 6579K [0x0000000084e00000, 0x0000000100000000)
  region size 1024K, 0 young (0K), 0 survivors (0K)
 Metaspace       used 21200K, capacity 21543K, committed 22192K, reserved 1069056K
  class space    used 1784K, capacity 1959K, committed 2048K, reserved 1048576K
}

