# JRE version: OpenJDK Runtime Environment (11.0.8) (build 11.0.8-internal+0-adhoc..src)
# Java VM: OpenJDK 64-Bit Server VM (11.0.8-internal+0-adhoc..src, mixed mode, tiered, compressed oops, g1 gc, linux-amd64)
Heap:
 garbage-first heap   total 27648K, used 10690K [0x0000000084e00000, 0x0000000100000000)
  region size 1024K, 4 young (4096K), 0 survivors (0K)
 Metaspace       used 21974K, capacity 22410K, committed 22784K, reserved 1071104K
  class space    used 1842K, capacity 2011K, committed 2048K, reserved 1048576K
GC Heap History (20 events):
Event: 0,173 GC heap before
{Heap before GC invocations=0 (full 0):
 garbage-first heap   total 126976K, used 5120K [0x0000000084e00000, 0x0000000100000000)
  region size 1024K, 6 young (6144K), 0 survivors (0K)
 Metaspace       used 6921K, capacity 7033K, committed 7296K, reserved 1056768K
  class space    used 596K, capacity 637K, committed 640K, reserved 1048576K
}
Event: 0,181 GC heap after
{Heap after GC invocations=1 (full 1):
 garbage-first heap   total 10240K, used 2055K [0x0000000084e00000, 0x0000000100000000)
  region size 1024K, 0 young (0K), 0 survivors (0K)
 Metaspace       used 6921K, capacity 7033K, committed 7296K, reserved 1056768K
  class space    used 596K, capacity 637K, committed 640K, reserved 1048576K
}
Event: 0,315 GC heap before
{Heap before GC invocations=1 (full 1):
 garbage-first heap   total 10240K, used 4103K [0x0000000084e00000, 0x0000000100000000)
  region size 1024K, 3 young (3072K), 0 survivors (0K)
 Metaspace       used 8239K, capacity 8390K, committed 8704K, reserved 1056768K
  class space    used 688K, capacity 744K, committed 768K, reserved 1048576K
}
Event: 0,315 GC heap after
{Heap after GC invocations=2 (full 1):
 garbage-first heap   total 10240K, used 2401K [0x0000000084e00000, 0x0000000100000000)
  region size 1024K, 1 young (1024K), 1 survivors (1024K)
 Metaspace       used 8239K, capacity 8390K, committed 8704K, reserved 1056768K
  class space    used 688K, capacity 744K, committed 768K, reserved 1048576K
}
Event: 0,363 GC heap before
{Heap before GC invocations=2 (full 1):
 garbage-first heap   total 10240K, used 5473K [0x0000000084e00000, 0x0000000100000000)
  region size 1024K, 4 young (4096K), 1 survivors (1024K)
 Metaspace       used 8512K, capacity 8646K, committed 8960K, reserved 1056768K
  class space    used 699K, capacity 744K, committed 768K, reserved 1048576K
}
Event: 0,365 GC heap after
{Heap after GC invocations=3 (full 1):
 garbage-first heap   total 10240K, used 2931K [0x0000000084e00000, 0x0000000100000000)
  region size 1024K, 1 young (1024K), 1 survivors (1024K)
 Metaspace       used 8512K, capacity 8646K, committed 8960K, reserved 1056768K
  class space    used 699K, capacity 744K, committed 768K, reserved 1048576K
}
Event: 0,793 GC heap before
{Heap before GC invocations=3 (full 1):
 garbage-first heap   total 10240K, used 6003K [0x0000000084e00000, 0x0000000100000000)
  region size 1024K, 4 young (4096K), 1 survivors (1024K)
 Metaspace       used 9913K, capacity 10179K, committed 10496K, reserved 1058816K
  class space    used 843K, capacity 959K, committed 1024K, reserved 1048576K
}
Event: 0,796 GC heap after
{Heap after GC invocations=4 (full 1):
 garbage-first heap   total 10240K, used 3210K [0x0000000084e00000, 0x0000000100000000)
  region size 1024K, 1 young (1024K), 1 survivors (1024K)
 Metaspace       used 9913K, capacity 10179K, committed 10496K, reserved 1058816K
  class space    used 843K, capacity 959K, committed 1024K, reserved 1048576K
}
Event: 0,890 GC heap before
{Heap before GC invocations=4 (full 1):
 garbage-first heap   total 10240K, used 4234K [0x0000000084e00000, 0x0000000100000000)
  region size 1024K, 3 young (3072K), 1 survivors (1024K)
 Metaspace       used 12132K, capacity 12384K, committed 12544K, reserved 1060864K
  class space    used 1066K, capacity 1188K, committed 1280K, reserved 1048576K
}
Event: 0,891 GC heap after
{Heap after GC invocations=5 (full 1):
 garbage-first heap   total 10240K, used 3530K [0x0000000084e00000, 0x0000000100000000)
  region size 1024K, 1 young (1024K), 1 survivors (1024K)
 Metaspace       used 12132K, capacity 12384K, committed 12544K, reserved 1060864K
  class space    used 1066K, capacity 1188K, committed 1280K, reserved 1048576K
}
Event: 0,937 GC heap before
{Heap before GC invocations=5 (full 1):
 garbage-first heap   total 10240K, used 5578K [0x0000000084e00000, 0x0000000100000000)
  region size 1024K, 3 young (3072K), 1 survivors (1024K)
 Metaspace       used 12948K, capacity 13319K, committed 13568K, reserved 1060864K
  class space    used 1118K, capacity 1266K, committed 1280K, reserved 1048576K
}
Event: 0,939 GC heap after
{Heap after GC invocations=6 (full 1):
 garbage-first heap   total 10240K, used 3776K [0x0000000084e00000, 0x0000000100000000)
  region size 1024K, 1 young (1024K), 1 survivors (1024K)
 Metaspace       used 12948K, capacity 13319K, committed 13568K, reserved 1060864K
  class space    used 1118K, capacity 1266K, committed 1280K, reserved 1048576K
}
Event: 0,958 GC heap before
{Heap before GC invocations=6 (full 1):
 garbage-first heap   total 10240K, used 4800K [0x0000000084e00000, 0x0000000100000000)
  region size 1024K, 2 young (2048K), 1 survivors (1024K)
 Metaspace       used 13434K, capacity 13755K, committed 13952K, reserved 1062912K
  class space    used 1167K, capacity 1305K, committed 1408K, reserved 1048576K
}
Event: 0,959 GC heap after
{Heap after GC invocations=7 (full 1):
 garbage-first heap   total 10240K, used 3861K [0x0000000084e00000, 0x0000000100000000)
  region size 1024K, 1 young (1024K), 1 survivors (1024K)
 Metaspace       used 13434K, capacity 13755K, committed 13952K, reserved 1062912K
  class space    used 1167K, capacity 1305K, committed 1408K, reserved 1048576K
}
Event: 0,970 GC heap before
{Heap before GC invocations=8 (full 1):
 garbage-first heap   total 10240K, used 3861K [0x0000000084e00000, 0x0000000100000000)
  region size 1024K, 2 young (2048K), 1 survivors (1024K)
 Metaspace       used 13699K, capacity 14043K, committed 14208K, reserved 1062912K
  class space    used 1201K, capacity 1337K, committed 1408K, reserved 1048576K
}
Event: 0,982 GC heap after
{Heap after GC invocations=9 (full 2):
 garbage-first heap   total 10240K, used 3759K [0x0000000084e00000, 0x0000000100000000)
  region size 1024K, 0 young (0K), 0 survivors (0K)
 Metaspace       used 13699K, capacity 14043K, committed 14208K, reserved 1062912K
  class space    used 1201K, capacity 1337K, committed 1408K, reserved 1048576K
}
Event: 1,033 GC heap before
{Heap before GC invocations=9 (full 2):
 garbage-first heap   total 10240K, used 5807K [0x0000000084e00000, 0x0000000100000000)
  region size 1024K, 2 young (2048K), 0 survivors (0K)
 Metaspace       used 15357K, capacity 15713K, committed 15872K, reserved 1062912K
  class space    used 1391K, capacity 1535K, committed 1536K, reserved 1048576K
}
Event: 1,034 GC heap after
{Heap after GC invocations=10 (full 2):
 garbage-first heap   total 68608K, used 4113K [0x0000000084e00000, 0x0000000100000000)
  region size 1024K, 1 young (1024K), 1 survivors (1024K)
 Metaspace       used 15357K, capacity 15713K, committed 15872K, reserved 1062912K
  class space    used 1391K, capacity 1535K, committed 1536K, reserved 1048576K
}
Event: 1,642 GC heap before
{Heap before GC invocations=10 (full 2):
 garbage-first heap   total 68608K, used 18449K [0x0000000084e00000, 0x0000000100000000)
  region size 1024K, 16 young (16384K), 1 survivors (1024K)
 Metaspace       used 21242K, capacity 21607K, committed 22016K, reserved 1069056K
  class space    used 1787K, capacity 1959K, committed 2048K, reserved 1048576K
}
Event: 1,650 GC heap after
{Heap after GC invocations=11 (full 3):
 garbage-first heap   total 27648K, used 6594K [0x0000000084e00000, 0x0000000100000000)
  region size 1024K, 0 young (0K), 0 survivors (0K)
 Metaspace       used 21242K, capacity 21607K, committed 22016K, reserved 1069056K
  class space    used 1787K, capacity 1959K, committed 2048K, reserved 1048576K
}

