# JRE version: OpenJDK Runtime Environment (11.0.8) (build 11.0.8-internal+0-adhoc..src)
# Java VM: OpenJDK 64-Bit Server VM (11.0.8-internal+0-adhoc..src, mixed mode, tiered, compressed oops, g1 gc, linux-amd64)
Heap:
 garbage-first heap   total 24576K, used 10695K [0x0000000084e00000, 0x0000000100000000)
  region size 1024K, 4 young (4096K), 0 survivors (0K)
 Metaspace       used 21975K, capacity 22347K, committed 22784K, reserved 1071104K
  class space    used 1843K, capacity 2011K, committed 2048K, reserved 1048576K
GC Heap History (18 events):
Event: 0,152 GC heap before
{Heap before GC invocations=0 (full 0):
 garbage-first heap   total 126976K, used 4096K [0x0000000084e00000, 0x0000000100000000)
  region size 1024K, 5 young (5120K), 0 survivors (0K)
 Metaspace       used 6719K, capacity 6835K, committed 7040K, reserved 1056768K
  class space    used 587K, capacity 636K, committed 640K, reserved 1048576K
}
Event: 0,156 GC heap after
{Heap after GC invocations=1 (full 1):
 garbage-first heap   total 10240K, used 1754K [0x0000000084e00000, 0x0000000100000000)
  region size 1024K, 0 young (0K), 0 survivors (0K)
 Metaspace       used 6719K, capacity 6835K, committed 7040K, reserved 1056768K
  class space    used 587K, capacity 636K, committed 640K, reserved 1048576K
}
Event: 0,292 GC heap before
{Heap before GC invocations=1 (full 1):
 garbage-first heap   total 10240K, used 4826K [0x0000000084e00000, 0x0000000100000000)
  region size 1024K, 3 young (3072K), 0 survivors (0K)
 Metaspace       used 7814K, capacity 8006K, committed 8192K, reserved 1056768K
  class space    used 672K, capacity 744K, committed 768K, reserved 1048576K
}
Event: 0,293 GC heap after
{Heap after GC invocations=2 (full 1):
 garbage-first heap   total 10240K, used 2318K [0x0000000084e00000, 0x0000000100000000)
  region size 1024K, 1 young (1024K), 1 survivors (1024K)
 Metaspace       used 7814K, capacity 8006K, committed 8192K, reserved 1056768K
  class space    used 672K, capacity 744K, committed 768K, reserved 1048576K
}
Event: 0,303 GC heap before
{Heap before GC invocations=2 (full 1):
 garbage-first heap   total 10240K, used 4366K [0x0000000084e00000, 0x0000000100000000)
  region size 1024K, 3 young (3072K), 1 survivors (1024K)
 Metaspace       used 8453K, capacity 8646K, committed 8704K, reserved 1056768K
  class space    used 696K, capacity 744K, committed 768K, reserved 1048576K
}
Event: 0,304 GC heap after
{Heap after GC invocations=3 (full 1):
 garbage-first heap   total 10240K, used 2540K [0x0000000084e00000, 0x0000000100000000)
  region size 1024K, 1 young (1024K), 1 survivors (1024K)
 Metaspace       used 8453K, capacity 8646K, committed 8704K, reserved 1056768K
  class space    used 696K, capacity 744K, committed 768K, reserved 1048576K
}
Event: 0,363 GC heap before
{Heap before GC invocations=3 (full 1):
 garbage-first heap   total 10240K, used 4588K [0x0000000084e00000, 0x0000000100000000)
  region size 1024K, 3 young (3072K), 1 survivors (1024K)
 Metaspace       used 8515K, capacity 8646K, committed 8704K, reserved 1056768K
  class space    used 699K, capacity 744K, committed 768K, reserved 1048576K
}
Event: 0,364 GC heap after
{Heap after GC invocations=4 (full 1):
 garbage-first heap   total 10240K, used 2915K [0x0000000084e00000, 0x0000000100000000)
  region size 1024K, 1 young (1024K), 1 survivors (1024K)
 Metaspace       used 8515K, capacity 8646K, committed 8704K, reserved 1056768K
  class space    used 699K, capacity 744K, committed 768K, reserved 1048576K
}
Event: 0,700 GC heap before
{Heap before GC invocations=4 (full 1):
 garbage-first heap   total 10240K, used 4963K [0x0000000084e00000, 0x0000000100000000)
  region size 1024K, 3 young (3072K), 1 survivors (1024K)
 Metaspace       used 9606K, capacity 9824K, committed 10112K, reserved 1058816K
  class space    used 796K, capacity 880K, committed 896K, reserved 1048576K
}
Event: 0,701 GC heap after
{Heap after GC invocations=5 (full 1):
 garbage-first heap   total 10240K, used 3070K [0x0000000084e00000, 0x0000000100000000)
  region size 1024K, 1 young (1024K), 1 survivors (1024K)
 Metaspace       used 9606K, capacity 9824K, committed 10112K, reserved 1058816K
  class space    used 796K, capacity 880K, committed 896K, reserved 1048576K
}
Event: 0,754 GC heap before
{Heap before GC invocations=5 (full 1):
 garbage-first heap   total 10240K, used 5118K [0x0000000084e00000, 0x0000000100000000)
  region size 1024K, 3 young (3072K), 1 survivors (1024K)
 Metaspace       used 11490K, capacity 11757K, committed 11904K, reserved 1060864K
  class space    used 998K, capacity 1124K, committed 1152K, reserved 1048576K
}
Event: 0,755 GC heap after
{Heap after GC invocations=6 (full 1):
 garbage-first heap   total 10240K, used 3322K [0x0000000084e00000, 0x0000000100000000)
  region size 1024K, 1 young (1024K), 1 survivors (1024K)
 Metaspace       used 11490K, capacity 11757K, committed 11904K, reserved 1060864K
  class space    used 998K, capacity 1124K, committed 1152K, reserved 1048576K
}
Event: 0,803 GC heap before
{Heap before GC invocations=6 (full 1):
 garbage-first heap   total 10240K, used 5370K [0x0000000084e00000, 0x0000000100000000)
  region size 1024K, 3 young (3072K), 1 survivors (1024K)
 Metaspace       used 12608K, capacity 12903K, committed 13056K, reserved 1060864K
  class space    used 1093K, capacity 1234K, committed 1280K, reserved 1048576K
}
Event: 0,805 GC heap after
{Heap after GC invocations=7 (full 1):
 garbage-first heap   total 10240K, used 3557K [0x0000000084e00000, 0x0000000100000000)
  region size 1024K, 1 young (1024K), 1 survivors (1024K)
 Metaspace       used 12608K, capacity 12903K, committed 13056K, reserved 1060864K
  class space    used 1093K, capacity 1234K, committed 1280K, reserved 1048576K
}
Event: 0,818 GC heap before
{Heap before GC invocations=7 (full 1):
 garbage-first heap   total 10240K, used 4581K [0x0000000084e00000, 0x0000000100000000)
  region size 1024K, 2 young (2048K), 1 survivors (1024K)
 Metaspace       used 12949K, capacity 13319K, committed 13568K, reserved 1060864K
  class space    used 1118K, capacity 1266K, committed 1280K, reserved 1048576K
}
Event: 0,820 GC heap after
{Heap after GC invocations=8 (full 1):
 garbage-first heap   total 68608K, used 3820K [0x0000000084e00000, 0x0000000100000000)
  region size 1024K, 1 young (1024K), 1 survivors (1024K)
 Metaspace       used 12949K, capacity 13319K, committed 13568K, reserved 1060864K
  class space    used 1118K, capacity 1266K, committed 1280K, reserved 1048576K
}
Event: 1,337 GC heap before
{Heap before GC invocations=9 (full 1):
 garbage-first heap   total 68608K, used 22252K [0x0000000084e00000, 0x0000000100000000)
  region size 1024K, 20 young (20480K), 1 survivors (1024K)
 Metaspace       used 21221K, capacity 21607K, committed 22016K, reserved 1069056K
  class space    used 1787K, capacity 1959K, committed 2048K, reserved 1048576K
}
Event: 1,352 GC heap after
{Heap after GC invocations=10 (full 2):
 garbage-first heap   total 24576K, used 6599K [0x0000000084e00000, 0x0000000100000000)
  region size 1024K, 0 young (0K), 0 survivors (0K)
 Metaspace       used 21221K, capacity 21607K, committed 22016K, reserved 1069056K
  class space    used 1787K, capacity 1959K, committed 2048K, reserved 1048576K
}

