# JRE version: OpenJDK Runtime Environment (11.0.8) (build 11.0.8-internal+0-adhoc..src)
# Java VM: OpenJDK 64-Bit Server VM (11.0.8-internal+0-adhoc..src, mixed mode, tiered, compressed oops, g1 gc, linux-amd64)
Heap:
 garbage-first heap   total 17408K, used 7902K [0x0000000084e00000, 0x0000000100000000)
  region size 1024K, 1 young (1024K), 0 survivors (0K)
 Metaspace       used 21954K, capacity 22410K, committed 23040K, reserved 1071104K
  class space    used 1842K, capacity 2011K, committed 2048K, reserved 1048576K
GC Heap History (20 events):
Event: 0,736 GC heap before
{Heap before GC invocations=4 (full 1):
 garbage-first heap   total 10240K, used 4970K [0x0000000084e00000, 0x0000000100000000)
  region size 1024K, 3 young (3072K), 1 survivors (1024K)
 Metaspace       used 9606K, capacity 9826K, committed 10112K, reserved 1058816K
  class space    used 796K, capacity 881K, committed 896K, reserved 1048576K
}
Event: 0,738 GC heap after
{Heap after GC invocations=5 (full 1):
 garbage-first heap   total 10240K, used 3017K [0x0000000084e00000, 0x0000000100000000)
  region size 1024K, 1 young (1024K), 1 survivors (1024K)
 Metaspace       used 9606K, capacity 9826K, committed 10112K, reserved 1058816K
  class space    used 796K, capacity 881K, committed 896K, reserved 1048576K
}
Event: 0,795 GC heap before
{Heap before GC invocations=5 (full 1):
 garbage-first heap   total 10240K, used 5065K [0x0000000084e00000, 0x0000000100000000)
  region size 1024K, 3 young (3072K), 1 survivors (1024K)
 Metaspace       used 11489K, capacity 11757K, committed 11904K, reserved 1060864K
  class space    used 998K, capacity 1124K, committed 1152K, reserved 1048576K
}
Event: 0,797 GC heap after
{Heap after GC invocations=6 (full 1):
 garbage-first heap   total 10240K, used 3369K [0x0000000084e00000, 0x0000000100000000)
  region size 1024K, 1 young (1024K), 1 survivors (1024K)
 Metaspace       used 11489K, capacity 11757K, committed 11904K, reserved 1060864K
  class space    used 998K, capacity 1124K, committed 1152K, reserved 1048576K
}
Event: 0,847 GC heap before
{Heap before GC invocations=6 (full 1):
 garbage-first heap   total 10240K, used 5417K [0x0000000084e00000, 0x0000000100000000)
  region size 1024K, 3 young (3072K), 1 survivors (1024K)
 Metaspace       used 12610K, capacity 12903K, committed 13056K, reserved 1060864K
  class space    used 1093K, capacity 1234K, committed 1280K, reserved 1048576K
}
Event: 0,849 GC heap after
{Heap after GC invocations=7 (full 1):
 garbage-first heap   total 68608K, used 3561K [0x0000000084e00000, 0x0000000100000000)
  region size 1024K, 1 young (1024K), 1 survivors (1024K)
 Metaspace       used 12610K, capacity 12903K, committed 13056K, reserved 1060864K
  class space    used 1093K, capacity 1234K, committed 1280K, reserved 1048576K
}
Event: 0,881 GC heap before
{Heap before GC invocations=7 (full 1):
 garbage-first heap   total 68608K, used 5609K [0x0000000084e00000, 0x0000000100000000)
  region size 1024K, 4 young (4096K), 1 survivors (1024K)
 Metaspace       used 13466K, capacity 13755K, committed 14208K, reserved 1062912K
  class space    used 1169K, capacity 1305K, committed 1408K, reserved 1048576K
}
Event: 0,888 GC heap after
{Heap after GC invocations=8 (full 2):
 garbage-first heap   total 17408K, used 3713K [0x0000000084e00000, 0x0000000100000000)
  region size 1024K, 0 young (0K), 0 survivors (0K)
 Metaspace       used 13466K, capacity 13755K, committed 14208K, reserved 1062912K
  class space    used 1169K, capacity 1305K, committed 1408K, reserved 1048576K
}
Event: 0,979 GC heap before
{Heap before GC invocations=8 (full 2):
 garbage-first heap   total 17408K, used 7809K [0x0000000084e00000, 0x0000000100000000)
  region size 1024K, 4 young (4096K), 0 survivors (0K)
 Metaspace       used 16094K, capacity 16448K, committed 16768K, reserved 1064960K
  class space    used 1462K, capacity 1609K, committed 1664K, reserved 1048576K
}
Event: 0,980 GC heap after
{Heap after GC invocations=9 (full 2):
 garbage-first heap   total 17408K, used 4233K [0x0000000084e00000, 0x0000000100000000)
  region size 1024K, 1 young (1024K), 1 survivors (1024K)
 Metaspace       used 16094K, capacity 16448K, committed 16768K, reserved 1064960K
  class space    used 1462K, capacity 1609K, committed 1664K, reserved 1048576K
}
Event: 1,096 GC heap before
{Heap before GC invocations=9 (full 2):
 garbage-first heap   total 17408K, used 10377K [0x0000000084e00000, 0x0000000100000000)
  region size 1024K, 7 young (7168K), 1 survivors (1024K)
 Metaspace       used 20132K, capacity 20487K, committed 21120K, reserved 1069056K
  class space    used 1675K, capacity 1863K, committed 1920K, reserved 1048576K
}
Event: 1,096 GC heap after
{Heap after GC invocations=10 (full 2):
 garbage-first heap   total 17408K, used 4400K [0x0000000084e00000, 0x0000000100000000)
  region size 1024K, 1 young (1024K), 1 survivors (1024K)
 Metaspace       used 20132K, capacity 20487K, committed 21120K, reserved 1069056K
  class space    used 1675K, capacity 1863K, committed 1920K, reserved 1048576K
}
Event: 1,122 GC heap before
{Heap before GC invocations=10 (full 2):
 garbage-first heap   total 17408K, used 4400K [0x0000000084e00000, 0x0000000100000000)
  region size 1024K, 2 young (2048K), 1 survivors (1024K)
 Metaspace       used 20412K, capacity 20743K, committed 21376K, reserved 1069056K
  class space    used 1705K, capacity 1863K, committed 1920K, reserved 1048576K
}
Event: 1,135 GC heap after
{Heap after GC invocations=11 (full 3):
 garbage-first heap   total 17408K, used 4355K [0x0000000084e00000, 0x0000000100000000)
  region size 1024K, 0 young (0K), 0 survivors (0K)
 Metaspace       used 20412K, capacity 20743K, committed 21376K, reserved 1069056K
  class space    used 1705K, capacity 1863K, committed 1920K, reserved 1048576K
}
Event: 1,739 GC heap before
{Heap before GC invocations=11 (full 3):
 garbage-first heap   total 17408K, used 9475K [0x0000000084e00000, 0x0000000100000000)
  region size 1024K, 5 young (5120K), 0 survivors (0K)
 Metaspace       used 20925K, capacity 21319K, committed 22016K, reserved 1069056K
  class space    used 1749K, capacity 1927K, committed 2048K, reserved 1048576K
}
Event: 1,740 GC heap after
{Heap after GC invocations=12 (full 3):
 garbage-first heap   total 17408K, used 6500K [0x0000000084e00000, 0x0000000100000000)
  region size 1024K, 1 young (1024K), 1 survivors (1024K)
 Metaspace       used 20925K, capacity 21319K, committed 22016K, reserved 1069056K
  class space    used 1749K, capacity 1927K, committed 2048K, reserved 1048576K
}
Event: 1,766 GC heap before
{Heap before GC invocations=12 (full 3):
 garbage-first heap   total 17408K, used 6500K [0x0000000084e00000, 0x0000000100000000)
  region size 1024K, 2 young (2048K), 1 survivors (1024K)
 Metaspace       used 21231K, capacity 21607K, committed 22272K, reserved 1069056K
  class space    used 1784K, capacity 1959K, committed 2048K, reserved 1048576K
}
Event: 1,781 GC heap after
{Heap after GC invocations=13 (full 4):
 garbage-first heap   total 17408K, used 6441K [0x0000000084e00000, 0x0000000100000000)
  region size 1024K, 0 young (0K), 0 survivors (0K)
 Metaspace       used 21231K, capacity 21607K, committed 22272K, reserved 1069056K
  class space    used 1784K, capacity 1959K, committed 2048K, reserved 1048576K
}
Event: 2,163 GC heap before
{Heap before GC invocations=13 (full 4):
 garbage-first heap   total 17408K, used 10537K [0x0000000084e00000, 0x0000000100000000)
  region size 1024K, 4 young (4096K), 0 survivors (0K)
 Metaspace       used 21837K, capacity 22282K, committed 22784K, reserved 1071104K
  class space    used 1839K, capacity 2011K, committed 2048K, reserved 1048576K
}
Event: 2,180 GC heap after
{Heap after GC invocations=14 (full 5):
 garbage-first heap   total 17408K, used 7902K [0x0000000084e00000, 0x0000000100000000)
  region size 1024K, 0 young (0K), 0 survivors (0K)
 Metaspace       used 21837K, capacity 22282K, committed 22784K, reserved 1071104K
  class space    used 1839K, capacity 2011K, committed 2048K, reserved 1048576K
}

