# JRE version: OpenJDK Runtime Environment (11.0.8) (build 11.0.8-internal+0-adhoc..src)
# Java VM: OpenJDK 64-Bit Server VM (11.0.8-internal+0-adhoc..src, mixed mode, tiered, compressed oops, g1 gc, linux-amd64)
Heap:
 garbage-first heap   total 27648K, used 10692K [0x0000000084e00000, 0x0000000100000000)
  region size 1024K, 4 young (4096K), 0 survivors (0K)
 Metaspace       used 21994K, capacity 22410K, committed 23040K, reserved 1071104K
  class space    used 1844K, capacity 2011K, committed 2048K, reserved 1048576K
GC Heap History (20 events):
Event: 0,311 GC heap before
{Heap before GC invocations=1 (full 1):
 garbage-first heap   total 10240K, used 4826K [0x0000000084e00000, 0x0000000100000000)
  region size 1024K, 3 young (3072K), 0 survivors (0K)
 Metaspace       used 7822K, capacity 8006K, committed 8192K, reserved 1056768K
  class space    used 672K, capacity 744K, committed 768K, reserved 1048576K
}
Event: 0,312 GC heap after
{Heap after GC invocations=2 (full 1):
 garbage-first heap   total 10240K, used 2336K [0x0000000084e00000, 0x0000000100000000)
  region size 1024K, 1 young (1024K), 1 survivors (1024K)
 Metaspace       used 7822K, capacity 8006K, committed 8192K, reserved 1056768K
  class space    used 672K, capacity 744K, committed 768K, reserved 1048576K
}
Event: 0,322 GC heap before
{Heap before GC invocations=2 (full 1):
 garbage-first heap   total 10240K, used 3360K [0x0000000084e00000, 0x0000000100000000)
  region size 1024K, 3 young (3072K), 1 survivors (1024K)
 Metaspace       used 8462K, capacity 8646K, committed 8704K, reserved 1056768K
  class space    used 696K, capacity 744K, committed 768K, reserved 1048576K
}
Event: 0,323 GC heap after
{Heap after GC invocations=3 (full 1):
 garbage-first heap   total 10240K, used 2539K [0x0000000084e00000, 0x0000000100000000)
  region size 1024K, 1 young (1024K), 1 survivors (1024K)
 Metaspace       used 8462K, capacity 8646K, committed 8704K, reserved 1056768K
  class space    used 696K, capacity 744K, committed 768K, reserved 1048576K
}
Event: 0,359 GC heap before
{Heap before GC invocations=3 (full 1):
 garbage-first heap   total 10240K, used 4587K [0x0000000084e00000, 0x0000000100000000)
  region size 1024K, 3 young (3072K), 1 survivors (1024K)
 Metaspace       used 8523K, capacity 8646K, committed 8704K, reserved 1056768K
  class space    used 699K, capacity 744K, committed 768K, reserved 1048576K
}
Event: 0,360 GC heap after
{Heap after GC invocations=4 (full 1):
 garbage-first heap   total 10240K, used 2912K [0x0000000084e00000, 0x0000000100000000)
  region size 1024K, 1 young (1024K), 1 survivors (1024K)
 Metaspace       used 8523K, capacity 8646K, committed 8704K, reserved 1056768K
  class space    used 699K, capacity 744K, committed 768K, reserved 1048576K
}
Event: 0,723 GC heap before
{Heap before GC invocations=4 (full 1):
 garbage-first heap   total 10240K, used 4960K [0x0000000084e00000, 0x0000000100000000)
  region size 1024K, 3 young (3072K), 1 survivors (1024K)
 Metaspace       used 9622K, capacity 9828K, committed 10112K, reserved 1058816K
  class space    used 798K, capacity 882K, committed 896K, reserved 1048576K
}
Event: 0,724 GC heap after
{Heap after GC invocations=5 (full 1):
 garbage-first heap   total 10240K, used 3030K [0x0000000084e00000, 0x0000000100000000)
  region size 1024K, 1 young (1024K), 1 survivors (1024K)
 Metaspace       used 9622K, capacity 9828K, committed 10112K, reserved 1058816K
  class space    used 798K, capacity 882K, committed 896K, reserved 1048576K
}
Event: 0,780 GC heap before
{Heap before GC invocations=5 (full 1):
 garbage-first heap   total 10240K, used 5078K [0x0000000084e00000, 0x0000000100000000)
  region size 1024K, 3 young (3072K), 1 survivors (1024K)
 Metaspace       used 11464K, capacity 11753K, committed 11904K, reserved 1060864K
  class space    used 998K, capacity 1123K, committed 1152K, reserved 1048576K
}
Event: 0,781 GC heap after
{Heap after GC invocations=6 (full 1):
 garbage-first heap   total 10240K, used 3392K [0x0000000084e00000, 0x0000000100000000)
  region size 1024K, 1 young (1024K), 1 survivors (1024K)
 Metaspace       used 11464K, capacity 11753K, committed 11904K, reserved 1060864K
  class space    used 998K, capacity 1123K, committed 1152K, reserved 1048576K
}
Event: 0,843 GC heap before
{Heap before GC invocations=6 (full 1):
 garbage-first heap   total 10240K, used 5440K [0x0000000084e00000, 0x0000000100000000)
  region size 1024K, 3 young (3072K), 1 survivors (1024K)
 Metaspace       used 12601K, capacity 12903K, committed 13056K, reserved 1060864K
  class space    used 1093K, capacity 1234K, committed 1280K, reserved 1048576K
}
Event: 0,845 GC heap after
{Heap after GC invocations=7 (full 1):
 garbage-first heap   total 10240K, used 3648K [0x0000000084e00000, 0x0000000100000000)
  region size 1024K, 1 young (1024K), 1 survivors (1024K)
 Metaspace       used 12601K, capacity 12903K, committed 13056K, reserved 1060864K
  class space    used 1093K, capacity 1234K, committed 1280K, reserved 1048576K
}
Event: 0,862 GC heap before
{Heap before GC invocations=7 (full 1):
 garbage-first heap   total 10240K, used 4672K [0x0000000084e00000, 0x0000000100000000)
  region size 1024K, 2 young (2048K), 1 survivors (1024K)
 Metaspace       used 12943K, capacity 13255K, committed 13312K, reserved 1060864K
  class space    used 1118K, capacity 1266K, committed 1280K, reserved 1048576K
}
Event: 0,864 GC heap after
{Heap after GC invocations=8 (full 1):
 garbage-first heap   total 10240K, used 3840K [0x0000000084e00000, 0x0000000100000000)
  region size 1024K, 1 young (1024K), 1 survivors (1024K)
 Metaspace       used 12943K, capacity 13255K, committed 13312K, reserved 1060864K
  class space    used 1118K, capacity 1266K, committed 1280K, reserved 1048576K
}
Event: 0,879 GC heap before
{Heap before GC invocations=9 (full 1):
 garbage-first heap   total 10240K, used 3840K [0x0000000084e00000, 0x0000000100000000)
  region size 1024K, 2 young (2048K), 1 survivors (1024K)
 Metaspace       used 13170K, capacity 13499K, committed 13696K, reserved 1060864K
  class space    used 1148K, capacity 1305K, committed 1408K, reserved 1048576K
}
Event: 0,889 GC heap after
{Heap after GC invocations=10 (full 2):
 garbage-first heap   total 10240K, used 3683K [0x0000000084e00000, 0x0000000100000000)
  region size 1024K, 0 young (0K), 0 survivors (0K)
 Metaspace       used 13170K, capacity 13499K, committed 13696K, reserved 1060864K
  class space    used 1148K, capacity 1305K, committed 1408K, reserved 1048576K
}
Event: 0,946 GC heap before
{Heap before GC invocations=10 (full 2):
 garbage-first heap   total 10240K, used 5731K [0x0000000084e00000, 0x0000000100000000)
  region size 1024K, 2 young (2048K), 0 survivors (0K)
 Metaspace       used 14637K, capacity 14941K, committed 15104K, reserved 1062912K
  class space    used 1300K, capacity 1447K, committed 1536K, reserved 1048576K
}
Event: 0,947 GC heap after
{Heap after GC invocations=11 (full 2):
 garbage-first heap   total 68608K, used 3950K [0x0000000084e00000, 0x0000000100000000)
  region size 1024K, 1 young (1024K), 1 survivors (1024K)
 Metaspace       used 14637K, capacity 14941K, committed 15104K, reserved 1062912K
  class space    used 1300K, capacity 1447K, committed 1536K, reserved 1048576K
}
Event: 1,600 GC heap before
{Heap before GC invocations=11 (full 2):
 garbage-first heap   total 68608K, used 19310K [0x0000000084e00000, 0x0000000100000000)
  region size 1024K, 17 young (17408K), 1 survivors (1024K)
 Metaspace       used 21229K, capacity 21607K, committed 22272K, reserved 1069056K
  class space    used 1787K, capacity 1959K, committed 2048K, reserved 1048576K
}
Event: 1,615 GC heap after
{Heap after GC invocations=12 (full 3):
 garbage-first heap   total 27648K, used 6596K [0x0000000084e00000, 0x0000000100000000)
  region size 1024K, 0 young (0K), 0 survivors (0K)
 Metaspace       used 21229K, capacity 21607K, committed 22272K, reserved 1069056K
  class space    used 1787K, capacity 1959K, committed 2048K, reserved 1048576K
}

