# JRE version: OpenJDK Runtime Environment (11.0.8) (build 11.0.8-internal+0-adhoc..src)
# Java VM: OpenJDK 64-Bit Server VM (11.0.8-internal+0-adhoc..src, mixed mode, tiered, compressed oops, g1 gc, linux-amd64)
Heap:
 garbage-first heap   total 27648K, used 7904K [0x0000000084e00000, 0x0000000100000000)
  region size 1024K, 1 young (1024K), 0 survivors (0K)
 Metaspace       used 21952K, capacity 22346K, committed 22784K, reserved 1071104K
  class space    used 1845K, capacity 2011K, committed 2048K, reserved 1048576K
GC Heap History (20 events):
Event: 1,792 GC heap before
{Heap before GC invocations=7 (full 3):
 garbage-first heap   total 10240K, used 5798K [0x0000000084e00000, 0x0000000100000000)
  region size 1024K, 3 young (3072K), 0 survivors (0K)
 Metaspace       used 15665K, capacity 16064K, committed 16256K, reserved 1064960K
  class space    used 1426K, capacity 1609K, committed 1664K, reserved 1048576K
}
Event: 1,793 GC heap after
{Heap after GC invocations=8 (full 3):
 garbage-first heap   total 10240K, used 4254K [0x0000000084e00000, 0x0000000100000000)
  region size 1024K, 1 young (1024K), 1 survivors (1024K)
 Metaspace       used 15665K, capacity 16064K, committed 16256K, reserved 1064960K
  class space    used 1426K, capacity 1609K, committed 1664K, reserved 1048576K
}
Event: 1,901 GC heap before
{Heap before GC invocations=8 (full 3):
 garbage-first heap   total 10240K, used 5278K [0x0000000084e00000, 0x0000000100000000)
  region size 1024K, 3 young (3072K), 1 survivors (1024K)
 Metaspace       used 16553K, capacity 16897K, committed 17152K, reserved 1064960K
  class space    used 1514K, capacity 1673K, committed 1792K, reserved 1048576K
}
Event: 1,902 GC heap after
{Heap after GC invocations=9 (full 3):
 garbage-first heap   total 10240K, used 4342K [0x0000000084e00000, 0x0000000100000000)
  region size 1024K, 1 young (1024K), 1 survivors (1024K)
 Metaspace       used 16553K, capacity 16897K, committed 17152K, reserved 1064960K
  class space    used 1514K, capacity 1673K, committed 1792K, reserved 1048576K
}
Event: 1,911 GC heap before
{Heap before GC invocations=9 (full 3):
 garbage-first heap   total 10240K, used 4342K [0x0000000084e00000, 0x0000000100000000)
  region size 1024K, 3 young (3072K), 1 survivors (1024K)
 Metaspace       used 16667K, capacity 17057K, committed 17408K, reserved 1064960K
  class space    used 1522K, capacity 1705K, committed 1792K, reserved 1048576K
}
Event: 1,914 GC heap after
{Heap after GC invocations=10 (full 3):
 garbage-first heap   total 10240K, used 4797K [0x0000000084e00000, 0x0000000100000000)
  region size 1024K, 1 young (1024K), 1 survivors (1024K)
 Metaspace       used 16667K, capacity 17057K, committed 17408K, reserved 1064960K
  class space    used 1522K, capacity 1705K, committed 1792K, reserved 1048576K
}
Event: 2,025 GC heap before
{Heap before GC invocations=11 (full 3):
 garbage-first heap   total 10240K, used 5821K [0x0000000084e00000, 0x0000000100000000)
  region size 1024K, 2 young (2048K), 1 survivors (1024K)
 Metaspace       used 18856K, capacity 19239K, committed 19712K, reserved 1067008K
  class space    used 1594K, capacity 1767K, committed 1792K, reserved 1048576K
}
Event: 2,025 GC heap after
{Heap after GC invocations=12 (full 3):
 garbage-first heap   total 10240K, used 4348K [0x0000000084e00000, 0x0000000100000000)
  region size 1024K, 1 young (1024K), 1 survivors (1024K)
 Metaspace       used 18856K, capacity 19239K, committed 19712K, reserved 1067008K
  class space    used 1594K, capacity 1767K, committed 1792K, reserved 1048576K
}
Event: 2,056 GC heap before
{Heap before GC invocations=12 (full 3):
 garbage-first heap   total 10240K, used 6396K [0x0000000084e00000, 0x0000000100000000)
  region size 1024K, 3 young (3072K), 1 survivors (1024K)
 Metaspace       used 19931K, capacity 20327K, committed 20864K, reserved 1069056K
  class space    used 1667K, capacity 1831K, committed 1920K, reserved 1048576K
}
Event: 2,056 GC heap after
{Heap after GC invocations=13 (full 3):
 garbage-first heap   total 10240K, used 4375K [0x0000000084e00000, 0x0000000100000000)
  region size 1024K, 1 young (1024K), 1 survivors (1024K)
 Metaspace       used 19931K, capacity 20327K, committed 20864K, reserved 1069056K
  class space    used 1667K, capacity 1831K, committed 1920K, reserved 1048576K
}
Event: 2,236 GC heap before
{Heap before GC invocations=14 (full 3):
 garbage-first heap   total 10240K, used 6423K [0x0000000084e00000, 0x0000000100000000)
  region size 1024K, 3 young (3072K), 1 survivors (1024K)
 Metaspace       used 20536K, capacity 20903K, committed 21376K, reserved 1069056K
  class space    used 1715K, capacity 1895K, committed 1920K, reserved 1048576K
}
Event: 2,239 GC heap after
{Heap after GC invocations=15 (full 3):
 garbage-first heap   total 10240K, used 4854K [0x0000000084e00000, 0x0000000100000000)
  region size 1024K, 1 young (1024K), 1 survivors (1024K)
 Metaspace       used 20536K, capacity 20903K, committed 21376K, reserved 1069056K
  class space    used 1715K, capacity 1895K, committed 1920K, reserved 1048576K
}
Event: 2,282 GC heap before
{Heap before GC invocations=15 (full 3):
 garbage-first heap   total 10240K, used 5878K [0x0000000084e00000, 0x0000000100000000)
  region size 1024K, 3 young (3072K), 1 survivors (1024K)
 Metaspace       used 20582K, capacity 20903K, committed 21376K, reserved 1069056K
  class space    used 1725K, capacity 1895K, committed 1920K, reserved 1048576K
}
Event: 2,318 GC heap after
{Heap after GC invocations=16 (full 4):
 garbage-first heap   total 10240K, used 6079K [0x0000000084e00000, 0x0000000100000000)
  region size 1024K, 0 young (0K), 0 survivors (0K)
 Metaspace       used 20582K, capacity 20903K, committed 21376K, reserved 1069056K
  class space    used 1725K, capacity 1895K, committed 1920K, reserved 1048576K
}
Event: 2,584 GC heap before
{Heap before GC invocations=16 (full 4):
 garbage-first heap   total 10240K, used 8127K [0x0000000084e00000, 0x0000000100000000)
  region size 1024K, 2 young (2048K), 0 survivors (0K)
 Metaspace       used 20748K, capacity 21159K, committed 21632K, reserved 1069056K
  class space    used 1735K, capacity 1895K, committed 1920K, reserved 1048576K
}
Event: 2,587 GC heap after
{Heap after GC invocations=17 (full 4):
 garbage-first heap   total 68608K, used 6416K [0x0000000084e00000, 0x0000000100000000)
  region size 1024K, 1 young (1024K), 1 survivors (1024K)
 Metaspace       used 20748K, capacity 21159K, committed 21632K, reserved 1069056K
  class space    used 1735K, capacity 1895K, committed 1920K, reserved 1048576K
}
Event: 2,643 GC heap before
{Heap before GC invocations=18 (full 4):
 garbage-first heap   total 68608K, used 7440K [0x0000000084e00000, 0x0000000100000000)
  region size 1024K, 3 young (3072K), 1 survivors (1024K)
 Metaspace       used 21001K, capacity 21383K, committed 22016K, reserved 1069056K
  class space    used 1761K, capacity 1927K, committed 2048K, reserved 1048576K
}
Event: 2,655 GC heap after
{Heap after GC invocations=19 (full 5):
 garbage-first heap   total 27648K, used 6439K [0x0000000084e00000, 0x0000000100000000)
  region size 1024K, 0 young (0K), 0 survivors (0K)
 Metaspace       used 21001K, capacity 21383K, committed 22016K, reserved 1069056K
  class space    used 1761K, capacity 1927K, committed 2048K, reserved 1048576K
}
Event: 3,041 GC heap before
{Heap before GC invocations=19 (full 5):
 garbage-first heap   total 27648K, used 10535K [0x0000000084e00000, 0x0000000100000000)
  region size 1024K, 4 young (4096K), 0 survivors (0K)
 Metaspace       used 21834K, capacity 22282K, committed 22784K, reserved 1071104K
  class space    used 1841K, capacity 2011K, committed 2048K, reserved 1048576K
}
Event: 3,067 GC heap after
{Heap after GC invocations=20 (full 6):
 garbage-first heap   total 27648K, used 7904K [0x0000000084e00000, 0x0000000100000000)
  region size 1024K, 0 young (0K), 0 survivors (0K)
 Metaspace       used 21834K, capacity 22282K, committed 22784K, reserved 1071104K
  class space    used 1841K, capacity 2011K, committed 2048K, reserved 1048576K
}

